#
# There is insufficient memory for the Java Runtime Environment to continue.
# Native memory allocation (malloc) failed to allocate 1032896 bytes for Chunk::new
# Possible reasons:
#   The system is out of physical RAM or swap space
#   The process is running with CompressedOops enabled, and the Java Heap may be blocking the growth of the native heap
# Possible solutions:
#   Reduce memory load on the system
#   Increase physical memory or swap space
#   Check if swap backing store is full
#   Decrease Java heap size (-Xmx/-Xms)
#   Decrease number of Java threads
#   Decrease Java thread stack sizes (-Xss)
#   Set larger code cache with -XX:ReservedCodeCacheSize=
#   JVM is running with Unscaled Compressed Oops mode in which the Java heap is
#     placed in the first 4GB address space. The Java Heap base address is the
#     maximum limit for the native heap growth. Please use -XX:HeapBaseMinAddress
#     to set the Java Heap base and to place the Java Heap above 4GB virtual address.
# This output file may be truncated or incomplete.
#
#  Out of Memory Error (./open/src/hotspot/share/memory/arena.cpp:195), pid=9240, tid=3844
#
# JRE version: OpenJDK Runtime Environment (15.0.1+9) (build 15.0.1+9-18)
# Java VM: OpenJDK 64-Bit Server VM (15.0.1+9-18, mixed mode, tiered, compressed oops, g1 gc, windows-amd64)
# Core dump will be written. Default location: E:\Automation\Eclipse\amazon\hs_err_pid9240.mdmp
#

---------------  S U M M A R Y ------------

Command Line: -javaagent:C:\Users\Maxblox_user2\eclipse\committers-2020-12\eclipse\configuration\org.eclipse.osgi\491\0\.cp\jacocoagent.jar=includes=*,excludes=,exclclassloader=sun.reflect.DelegatingClassLoader,output=tcpclient,port=49359 -ea -Dfile.encoding=Cp1252 -XX:+ShowCodeDetailsInExceptionMessages org.eclipse.jdt.internal.junit.runner.RemoteTestRunner -version 3 -port 49360 -testLoaderClass org.eclipse.jdt.internal.junit4.runner.JUnit4TestLoader -loaderpluginname org.eclipse.jdt.junit4.runtime -classNames cucumberOptions.TestRunner

Host: Intel(R) Core(TM) i3-3220 CPU @ 3.30GHz, 4 cores, 7G,  Windows Server 2012 R2 , 64 bit Build 9600 (6.3.9600.19843)
Time: Thu Feb 18 14:43:17 2021 India Standard Time elapsed time: 1.263952 seconds (0d 0h 0m 1s)

---------------  T H R E A D  ---------------

Current thread (0x000000926d2de2e0):  JavaThread "C2 CompilerThread1" daemon [_thread_in_native, id=3844, stack(0x000000926e5c0000,0x000000926e6c0000)]


Current CompileTask:
C2:   1264 1317       4       org.jacoco.agent.rt.internal_f3994fa.asm.ClassReader::readCode (5089 bytes)

Stack: [0x000000926e5c0000,0x000000926e6c0000]
Native frames: (J=compiled Java code, j=interpreted, Vv=VM code, C=native code)
V  [jvm.dll+0x62ae9a]
V  [jvm.dll+0x781389]
V  [jvm.dll+0x782ae3]
V  [jvm.dll+0x783143]
V  [jvm.dll+0x216265]
V  [jvm.dll+0x97efa]
V  [jvm.dll+0x985dc]
V  [jvm.dll+0x27a1bf]
V  [jvm.dll+0x5408d4]
V  [jvm.dll+0x1f2c14]
V  [jvm.dll+0x1ec3b7]
V  [jvm.dll+0x1e97a7]
V  [jvm.dll+0x1784c7]
V  [jvm.dll+0x1f9165]
V  [jvm.dll+0x1f720c]
V  [jvm.dll+0x74485d]
V  [jvm.dll+0x73d65a]
V  [jvm.dll+0x629c56]
C  [ucrtbase.DLL+0x1d912]
C  [KERNEL32.DLL+0x13f2]
C  [ntdll.dll+0x154f4]


---------------  P R O C E S S  ---------------

Threads class SMR info:
_java_thread_list=0x000000926f104630, length=14, elements={
0x000000925278c770, 0x000000926cee90a0, 0x000000926cee9960, 0x000000926cf4e6b0,
0x000000926cf51170, 0x000000926cf527e0, 0x000000926cf54d40, 0x000000926cf84d50,
0x000000926cf8e010, 0x000000926c48b2c0, 0x000000926d2de2e0, 0x000000926e3b9440,
0x000000926e3b6940, 0x000000926e3b5b60
}

Java Threads: ( => current thread )
  0x000000925278c770 JavaThread "main" [_thread_in_Java, id=4424, stack(0x00000092506d0000,0x00000092507d0000)]
  0x000000926cee90a0 JavaThread "Reference Handler" daemon [_thread_blocked, id=2664, stack(0x000000926d3e0000,0x000000926d4e0000)]
  0x000000926cee9960 JavaThread "Finalizer" daemon [_thread_blocked, id=9152, stack(0x000000926d4e0000,0x000000926d5e0000)]
  0x000000926cf4e6b0 JavaThread "Signal Dispatcher" daemon [_thread_blocked, id=14196, stack(0x000000926d6c0000,0x000000926d7c0000)]
  0x000000926cf51170 JavaThread "Attach Listener" daemon [_thread_blocked, id=10676, stack(0x000000926d7c0000,0x000000926d8c0000)]
  0x000000926cf527e0 JavaThread "Service Thread" daemon [_thread_blocked, id=4492, stack(0x000000926d8c0000,0x000000926d9c0000)]
  0x000000926cf54d40 JavaThread "C2 CompilerThread0" daemon [_thread_in_native, id=12752, stack(0x000000926d9c0000,0x000000926dac0000)]
  0x000000926cf84d50 JavaThread "C1 CompilerThread0" daemon [_thread_in_vm, id=7388, stack(0x000000926dac0000,0x000000926dbc0000)]
  0x000000926cf8e010 JavaThread "Sweeper thread" daemon [_thread_blocked, id=15176, stack(0x000000926dbc0000,0x000000926dcc0000)]
  0x000000926c48b2c0 JavaThread "Common-Cleaner" daemon [_thread_blocked, id=12272, stack(0x000000926dcc0000,0x000000926ddc0000)]
=>0x000000926d2de2e0 JavaThread "C2 CompilerThread1" daemon [_thread_in_native, id=3844, stack(0x000000926e5c0000,0x000000926e6c0000)]
  0x000000926e3b9440 JavaThread "org.jacoco.agent.rt.internal_f3994fa.output.TcpClientOutput" daemon [_thread_in_native, id=8172, stack(0x000000926eda0000,0x000000926eea0000)]
  0x000000926e3b6940 JavaThread "Notification Thread" daemon [_thread_blocked, id=3572, stack(0x000000926fe70000,0x000000926ff70000)]
  0x000000926e3b5b60 JavaThread "ReaderThread" [_thread_in_native, id=10928, stack(0x0000009270070000,0x0000009270170000)]

Other Threads:
  0x000000926c4dc780 VMThread "VM Thread" [stack: 0x000000926d2e0000,0x000000926d3e0000] [id=5304]
  0x000000926e53eaa0 WatcherThread [stack: 0x000000926ff70000,0x0000009270070000] [id=12448]
  0x00000092527cc630 GCTaskThread "GC Thread#0" [stack: 0x0000009252550000,0x0000009252650000] [id=14904]
  0x000000926d1985f0 GCTaskThread "GC Thread#1" [stack: 0x000000926e8c0000,0x000000926e9c0000] [id=5768]
  0x000000926d199910 GCTaskThread "GC Thread#2" [stack: 0x000000926e9c0000,0x000000926eac0000] [id=14552]
  0x000000926d1992b0 GCTaskThread "GC Thread#3" [stack: 0x0000009270370000,0x0000009270470000] [id=2748]
  0x00000092527df150 ConcurrentGCThread "G1 Main Marker" [stack: 0x0000009269ca0000,0x0000009269da0000] [id=12700]
  0x00000092527dfd40 ConcurrentGCThread "G1 Conc#0" [stack: 0x0000009269da0000,0x0000009269ea0000] [id=7216]
  0x000000925281ec20 ConcurrentGCThread "G1 Refine#0" [stack: 0x000000926c4e0000,0x000000926c5e0000] [id=13008]
  0x000000926c31a9a0 ConcurrentGCThread "G1 Young RemSet Sampling" [stack: 0x000000926c5e0000,0x000000926c6e0000] [id=6636]

Threads with active compile tasks:
C2 CompilerThread0     1369 1312       4       org.jacoco.agent.rt.internal_f3994fa.asm.SymbolTable::addConstantMemberReference (147 bytes)
C1 CompilerThread0     1369 1519       3       org.jacoco.agent.rt.internal_f3994fa.asm.ClassReader::accept (1383 bytes)
C2 CompilerThread1     1369 1317       4       org.jacoco.agent.rt.internal_f3994fa.asm.ClassReader::readCode (5089 bytes)

VM state: not at safepoint (normal execution)

VM Mutex/Monitor currently owned by a thread: None

Heap address: 0x0000000081800000, size: 2024 MB, Compressed Oops mode: 32-bit
CDS disabled.
Compressed class space mapped at: 0x0000000100000000-0x0000000140000000, size: 1073741824
Narrow klass base: 0x0000000000000000, Narrow klass shift: 3, Narrow klass range: 0x140000000

GC Precious Log:
 CPUs: 4 total, 4 available
 Memory: 8090M
 Large Page Support: Disabled
 NUMA Support: Disabled
 Compressed Oops: Enabled (32-bit)
 Heap Region Size: 1M
 Heap Min Capacity: 8M
 Heap Initial Capacity: 128M
 Heap Max Capacity: 2024M
 Pre-touch: Disabled
 Parallel Workers: 4
 Concurrent Workers: 1
 Concurrent Refinement Workers: 4
 Periodic GC: Disabled

Heap:
 garbage-first heap   total 131072K, used 19614K [0x0000000081800000, 0x0000000100000000)
  region size 1024K, 16 young (16384K), 1 survivors (1024K)
 Metaspace       used 14810K, capacity 14913K, committed 15104K, reserved 1062912K
  class space    used 1365K, capacity 1428K, committed 1536K, reserved 1048576K

Heap Regions: E=young(eden), S=young(survivor), O=old, HS=humongous(starts), HC=humongous(continues), CS=collection set, F=free, OA=open archive, CA=closed archive, TAMS=top-at-mark-start (previous, next)
|   0|0x0000000081800000, 0x0000000081900000, 0x0000000081900000|100%| O|  |TAMS 0x0000000081800000, 0x0000000081800000| Untracked 
|   1|0x0000000081900000, 0x0000000081a00000, 0x0000000081a00000|100%| O|  |TAMS 0x0000000081900000, 0x0000000081900000| Untracked 
|   2|0x0000000081a00000, 0x0000000081b00000, 0x0000000081b00000|100%| O|  |TAMS 0x0000000081a00000, 0x0000000081a00000| Untracked 
|   3|0x0000000081b00000, 0x0000000081c00000, 0x0000000081c00000|100%| O|  |TAMS 0x0000000081b00000, 0x0000000081b00000| Untracked 
|   4|0x0000000081c00000, 0x0000000081c80c00, 0x0000000081d00000| 50%| O|  |TAMS 0x0000000081c00000, 0x0000000081c00000| Untracked 
|   5|0x0000000081d00000, 0x0000000081d00000, 0x0000000081e00000|  0%| F|  |TAMS 0x0000000081d00000, 0x0000000081d00000| Untracked 
|   6|0x0000000081e00000, 0x0000000081e00000, 0x0000000081f00000|  0%| F|  |TAMS 0x0000000081e00000, 0x0000000081e00000| Untracked 
|   7|0x0000000081f00000, 0x0000000081f00000, 0x0000000082000000|  0%| F|  |TAMS 0x0000000081f00000, 0x0000000081f00000| Untracked 
|   8|0x0000000082000000, 0x0000000082000000, 0x0000000082100000|  0%| F|  |TAMS 0x0000000082000000, 0x0000000082000000| Untracked 
|   9|0x0000000082100000, 0x0000000082100000, 0x0000000082200000|  0%| F|  |TAMS 0x0000000082100000, 0x0000000082100000| Untracked 
|  10|0x0000000082200000, 0x0000000082200000, 0x0000000082300000|  0%| F|  |TAMS 0x0000000082200000, 0x0000000082200000| Untracked 
|  11|0x0000000082300000, 0x0000000082300000, 0x0000000082400000|  0%| F|  |TAMS 0x0000000082300000, 0x0000000082300000| Untracked 
|  12|0x0000000082400000, 0x0000000082400000, 0x0000000082500000|  0%| F|  |TAMS 0x0000000082400000, 0x0000000082400000| Untracked 
|  13|0x0000000082500000, 0x0000000082500000, 0x0000000082600000|  0%| F|  |TAMS 0x0000000082500000, 0x0000000082500000| Untracked 
|  14|0x0000000082600000, 0x0000000082600000, 0x0000000082700000|  0%| F|  |TAMS 0x0000000082600000, 0x0000000082600000| Untracked 
|  15|0x0000000082700000, 0x0000000082700000, 0x0000000082800000|  0%| F|  |TAMS 0x0000000082700000, 0x0000000082700000| Untracked 
|  16|0x0000000082800000, 0x0000000082800000, 0x0000000082900000|  0%| F|  |TAMS 0x0000000082800000, 0x0000000082800000| Untracked 
|  17|0x0000000082900000, 0x0000000082900000, 0x0000000082a00000|  0%| F|  |TAMS 0x0000000082900000, 0x0000000082900000| Untracked 
|  18|0x0000000082a00000, 0x0000000082a00000, 0x0000000082b00000|  0%| F|  |TAMS 0x0000000082a00000, 0x0000000082a00000| Untracked 
|  19|0x0000000082b00000, 0x0000000082b00000, 0x0000000082c00000|  0%| F|  |TAMS 0x0000000082b00000, 0x0000000082b00000| Untracked 
|  20|0x0000000082c00000, 0x0000000082c00000, 0x0000000082d00000|  0%| F|  |TAMS 0x0000000082c00000, 0x0000000082c00000| Untracked 
|  21|0x0000000082d00000, 0x0000000082d00000, 0x0000000082e00000|  0%| F|  |TAMS 0x0000000082d00000, 0x0000000082d00000| Untracked 
|  22|0x0000000082e00000, 0x0000000082e00000, 0x0000000082f00000|  0%| F|  |TAMS 0x0000000082e00000, 0x0000000082e00000| Untracked 
|  23|0x0000000082f00000, 0x0000000082f00000, 0x0000000083000000|  0%| F|  |TAMS 0x0000000082f00000, 0x0000000082f00000| Untracked 
|  24|0x0000000083000000, 0x0000000083000000, 0x0000000083100000|  0%| F|  |TAMS 0x0000000083000000, 0x0000000083000000| Untracked 
|  25|0x0000000083100000, 0x0000000083100000, 0x0000000083200000|  0%| F|  |TAMS 0x0000000083100000, 0x0000000083100000| Untracked 
|  26|0x0000000083200000, 0x0000000083200000, 0x0000000083300000|  0%| F|  |TAMS 0x0000000083200000, 0x0000000083200000| Untracked 
|  27|0x0000000083300000, 0x0000000083300000, 0x0000000083400000|  0%| F|  |TAMS 0x0000000083300000, 0x0000000083300000| Untracked 
|  28|0x0000000083400000, 0x0000000083400000, 0x0000000083500000|  0%| F|  |TAMS 0x0000000083400000, 0x0000000083400000| Untracked 
|  29|0x0000000083500000, 0x0000000083500000, 0x0000000083600000|  0%| F|  |TAMS 0x0000000083500000, 0x0000000083500000| Untracked 
|  30|0x0000000083600000, 0x0000000083600000, 0x0000000083700000|  0%| F|  |TAMS 0x0000000083600000, 0x0000000083600000| Untracked 
|  31|0x0000000083700000, 0x0000000083700000, 0x0000000083800000|  0%| F|  |TAMS 0x0000000083700000, 0x0000000083700000| Untracked 
|  32|0x0000000083800000, 0x0000000083800000, 0x0000000083900000|  0%| F|  |TAMS 0x0000000083800000, 0x0000000083800000| Untracked 
|  33|0x0000000083900000, 0x0000000083900000, 0x0000000083a00000|  0%| F|  |TAMS 0x0000000083900000, 0x0000000083900000| Untracked 
|  34|0x0000000083a00000, 0x0000000083a00000, 0x0000000083b00000|  0%| F|  |TAMS 0x0000000083a00000, 0x0000000083a00000| Untracked 
|  35|0x0000000083b00000, 0x0000000083b00000, 0x0000000083c00000|  0%| F|  |TAMS 0x0000000083b00000, 0x0000000083b00000| Untracked 
|  36|0x0000000083c00000, 0x0000000083c00000, 0x0000000083d00000|  0%| F|  |TAMS 0x0000000083c00000, 0x0000000083c00000| Untracked 
|  37|0x0000000083d00000, 0x0000000083d00000, 0x0000000083e00000|  0%| F|  |TAMS 0x0000000083d00000, 0x0000000083d00000| Untracked 
|  38|0x0000000083e00000, 0x0000000083e00000, 0x0000000083f00000|  0%| F|  |TAMS 0x0000000083e00000, 0x0000000083e00000| Untracked 
|  39|0x0000000083f00000, 0x0000000083f00000, 0x0000000084000000|  0%| F|  |TAMS 0x0000000083f00000, 0x0000000083f00000| Untracked 
|  40|0x0000000084000000, 0x0000000084000000, 0x0000000084100000|  0%| F|  |TAMS 0x0000000084000000, 0x0000000084000000| Untracked 
|  41|0x0000000084100000, 0x0000000084100000, 0x0000000084200000|  0%| F|  |TAMS 0x0000000084100000, 0x0000000084100000| Untracked 
|  42|0x0000000084200000, 0x0000000084200000, 0x0000000084300000|  0%| F|  |TAMS 0x0000000084200000, 0x0000000084200000| Untracked 
|  43|0x0000000084300000, 0x0000000084300000, 0x0000000084400000|  0%| F|  |TAMS 0x0000000084300000, 0x0000000084300000| Untracked 
|  44|0x0000000084400000, 0x0000000084400000, 0x0000000084500000|  0%| F|  |TAMS 0x0000000084400000, 0x0000000084400000| Untracked 
|  45|0x0000000084500000, 0x0000000084500000, 0x0000000084600000|  0%| F|  |TAMS 0x0000000084500000, 0x0000000084500000| Untracked 
|  46|0x0000000084600000, 0x0000000084600000, 0x0000000084700000|  0%| F|  |TAMS 0x0000000084600000, 0x0000000084600000| Untracked 
|  47|0x0000000084700000, 0x0000000084700000, 0x0000000084800000|  0%| F|  |TAMS 0x0000000084700000, 0x0000000084700000| Untracked 
|  48|0x0000000084800000, 0x0000000084800000, 0x0000000084900000|  0%| F|  |TAMS 0x0000000084800000, 0x0000000084800000| Untracked 
|  49|0x0000000084900000, 0x0000000084900000, 0x0000000084a00000|  0%| F|  |TAMS 0x0000000084900000, 0x0000000084900000| Untracked 
|  50|0x0000000084a00000, 0x0000000084a00000, 0x0000000084b00000|  0%| F|  |TAMS 0x0000000084a00000, 0x0000000084a00000| Untracked 
|  51|0x0000000084b00000, 0x0000000084b00000, 0x0000000084c00000|  0%| F|  |TAMS 0x0000000084b00000, 0x0000000084b00000| Untracked 
|  52|0x0000000084c00000, 0x0000000084c00000, 0x0000000084d00000|  0%| F|  |TAMS 0x0000000084c00000, 0x0000000084c00000| Untracked 
|  53|0x0000000084d00000, 0x0000000084d00000, 0x0000000084e00000|  0%| F|  |TAMS 0x0000000084d00000, 0x0000000084d00000| Untracked 
|  54|0x0000000084e00000, 0x0000000084e00000, 0x0000000084f00000|  0%| F|  |TAMS 0x0000000084e00000, 0x0000000084e00000| Untracked 
|  55|0x0000000084f00000, 0x0000000084f00000, 0x0000000085000000|  0%| F|  |TAMS 0x0000000084f00000, 0x0000000084f00000| Untracked 
|  56|0x0000000085000000, 0x0000000085000000, 0x0000000085100000|  0%| F|  |TAMS 0x0000000085000000, 0x0000000085000000| Untracked 
|  57|0x0000000085100000, 0x0000000085100000, 0x0000000085200000|  0%| F|  |TAMS 0x0000000085100000, 0x0000000085100000| Untracked 
|  58|0x0000000085200000, 0x0000000085200000, 0x0000000085300000|  0%| F|  |TAMS 0x0000000085200000, 0x0000000085200000| Untracked 
|  59|0x0000000085300000, 0x0000000085300000, 0x0000000085400000|  0%| F|  |TAMS 0x0000000085300000, 0x0000000085300000| Untracked 
|  60|0x0000000085400000, 0x0000000085400000, 0x0000000085500000|  0%| F|  |TAMS 0x0000000085400000, 0x0000000085400000| Untracked 
|  61|0x0000000085500000, 0x0000000085500000, 0x0000000085600000|  0%| F|  |TAMS 0x0000000085500000, 0x0000000085500000| Untracked 
|  62|0x0000000085600000, 0x0000000085600000, 0x0000000085700000|  0%| F|  |TAMS 0x0000000085600000, 0x0000000085600000| Untracked 
|  63|0x0000000085700000, 0x0000000085700000, 0x0000000085800000|  0%| F|  |TAMS 0x0000000085700000, 0x0000000085700000| Untracked 
|  64|0x0000000085800000, 0x0000000085800000, 0x0000000085900000|  0%| F|  |TAMS 0x0000000085800000, 0x0000000085800000| Untracked 
|  65|0x0000000085900000, 0x0000000085900000, 0x0000000085a00000|  0%| F|  |TAMS 0x0000000085900000, 0x0000000085900000| Untracked 
|  66|0x0000000085a00000, 0x0000000085a00000, 0x0000000085b00000|  0%| F|  |TAMS 0x0000000085a00000, 0x0000000085a00000| Untracked 
|  67|0x0000000085b00000, 0x0000000085b00000, 0x0000000085c00000|  0%| F|  |TAMS 0x0000000085b00000, 0x0000000085b00000| Untracked 
|  68|0x0000000085c00000, 0x0000000085c00000, 0x0000000085d00000|  0%| F|  |TAMS 0x0000000085c00000, 0x0000000085c00000| Untracked 
|  69|0x0000000085d00000, 0x0000000085d00000, 0x0000000085e00000|  0%| F|  |TAMS 0x0000000085d00000, 0x0000000085d00000| Untracked 
|  70|0x0000000085e00000, 0x0000000085e00000, 0x0000000085f00000|  0%| F|  |TAMS 0x0000000085e00000, 0x0000000085e00000| Untracked 
|  71|0x0000000085f00000, 0x0000000085f00000, 0x0000000086000000|  0%| F|  |TAMS 0x0000000085f00000, 0x0000000085f00000| Untracked 
|  72|0x0000000086000000, 0x0000000086000000, 0x0000000086100000|  0%| F|  |TAMS 0x0000000086000000, 0x0000000086000000| Untracked 
|  73|0x0000000086100000, 0x0000000086100000, 0x0000000086200000|  0%| F|  |TAMS 0x0000000086100000, 0x0000000086100000| Untracked 
|  74|0x0000000086200000, 0x0000000086200000, 0x0000000086300000|  0%| F|  |TAMS 0x0000000086200000, 0x0000000086200000| Untracked 
|  75|0x0000000086300000, 0x0000000086300000, 0x0000000086400000|  0%| F|  |TAMS 0x0000000086300000, 0x0000000086300000| Untracked 
|  76|0x0000000086400000, 0x0000000086400000, 0x0000000086500000|  0%| F|  |TAMS 0x0000000086400000, 0x0000000086400000| Untracked 
|  77|0x0000000086500000, 0x0000000086500000, 0x0000000086600000|  0%| F|  |TAMS 0x0000000086500000, 0x0000000086500000| Untracked 
|  78|0x0000000086600000, 0x0000000086600000, 0x0000000086700000|  0%| F|  |TAMS 0x0000000086600000, 0x0000000086600000| Untracked 
|  79|0x0000000086700000, 0x0000000086700000, 0x0000000086800000|  0%| F|  |TAMS 0x0000000086700000, 0x0000000086700000| Untracked 
|  80|0x0000000086800000, 0x0000000086800000, 0x0000000086900000|  0%| F|  |TAMS 0x0000000086800000, 0x0000000086800000| Untracked 
|  81|0x0000000086900000, 0x0000000086900000, 0x0000000086a00000|  0%| F|  |TAMS 0x0000000086900000, 0x0000000086900000| Untracked 
|  82|0x0000000086a00000, 0x0000000086a00000, 0x0000000086b00000|  0%| F|  |TAMS 0x0000000086a00000, 0x0000000086a00000| Untracked 
|  83|0x0000000086b00000, 0x0000000086b00000, 0x0000000086c00000|  0%| F|  |TAMS 0x0000000086b00000, 0x0000000086b00000| Untracked 
|  84|0x0000000086c00000, 0x0000000086c00000, 0x0000000086d00000|  0%| F|  |TAMS 0x0000000086c00000, 0x0000000086c00000| Untracked 
|  85|0x0000000086d00000, 0x0000000086d00000, 0x0000000086e00000|  0%| F|  |TAMS 0x0000000086d00000, 0x0000000086d00000| Untracked 
|  86|0x0000000086e00000, 0x0000000086e00000, 0x0000000086f00000|  0%| F|  |TAMS 0x0000000086e00000, 0x0000000086e00000| Untracked 
|  87|0x0000000086f00000, 0x0000000086f00000, 0x0000000087000000|  0%| F|  |TAMS 0x0000000086f00000, 0x0000000086f00000| Untracked 
|  88|0x0000000087000000, 0x0000000087000000, 0x0000000087100000|  0%| F|  |TAMS 0x0000000087000000, 0x0000000087000000| Untracked 
|  89|0x0000000087100000, 0x0000000087100000, 0x0000000087200000|  0%| F|  |TAMS 0x0000000087100000, 0x0000000087100000| Untracked 
|  90|0x0000000087200000, 0x0000000087200000, 0x0000000087300000|  0%| F|  |TAMS 0x0000000087200000, 0x0000000087200000| Untracked 
|  91|0x0000000087300000, 0x0000000087300000, 0x0000000087400000|  0%| F|  |TAMS 0x0000000087300000, 0x0000000087300000| Untracked 
|  92|0x0000000087400000, 0x0000000087400000, 0x0000000087500000|  0%| F|  |TAMS 0x0000000087400000, 0x0000000087400000| Untracked 
|  93|0x0000000087500000, 0x0000000087500000, 0x0000000087600000|  0%| F|  |TAMS 0x0000000087500000, 0x0000000087500000| Untracked 
|  94|0x0000000087600000, 0x0000000087600000, 0x0000000087700000|  0%| F|  |TAMS 0x0000000087600000, 0x0000000087600000| Untracked 
|  95|0x0000000087700000, 0x0000000087700000, 0x0000000087800000|  0%| F|  |TAMS 0x0000000087700000, 0x0000000087700000| Untracked 
|  96|0x0000000087800000, 0x0000000087800000, 0x0000000087900000|  0%| F|  |TAMS 0x0000000087800000, 0x0000000087800000| Untracked 
|  97|0x0000000087900000, 0x0000000087900000, 0x0000000087a00000|  0%| F|  |TAMS 0x0000000087900000, 0x0000000087900000| Untracked 
|  98|0x0000000087a00000, 0x0000000087a00000, 0x0000000087b00000|  0%| F|  |TAMS 0x0000000087a00000, 0x0000000087a00000| Untracked 
|  99|0x0000000087b00000, 0x0000000087b00000, 0x0000000087c00000|  0%| F|  |TAMS 0x0000000087b00000, 0x0000000087b00000| Untracked 
| 100|0x0000000087c00000, 0x0000000087c00000, 0x0000000087d00000|  0%| F|  |TAMS 0x0000000087c00000, 0x0000000087c00000| Untracked 
| 101|0x0000000087d00000, 0x0000000087d00000, 0x0000000087e00000|  0%| F|  |TAMS 0x0000000087d00000, 0x0000000087d00000| Untracked 
| 102|0x0000000087e00000, 0x0000000087e00000, 0x0000000087f00000|  0%| F|  |TAMS 0x0000000087e00000, 0x0000000087e00000| Untracked 
| 103|0x0000000087f00000, 0x0000000087f00000, 0x0000000088000000|  0%| F|  |TAMS 0x0000000087f00000, 0x0000000087f00000| Untracked 
| 104|0x0000000088000000, 0x0000000088000000, 0x0000000088100000|  0%| F|  |TAMS 0x0000000088000000, 0x0000000088000000| Untracked 
| 105|0x0000000088100000, 0x0000000088100000, 0x0000000088200000|  0%| F|  |TAMS 0x0000000088100000, 0x0000000088100000| Untracked 
| 106|0x0000000088200000, 0x0000000088200000, 0x0000000088300000|  0%| F|  |TAMS 0x0000000088200000, 0x0000000088200000| Untracked 
| 107|0x0000000088300000, 0x0000000088300000, 0x0000000088400000|  0%| F|  |TAMS 0x0000000088300000, 0x0000000088300000| Untracked 
| 108|0x0000000088400000, 0x0000000088400000, 0x0000000088500000|  0%| F|  |TAMS 0x0000000088400000, 0x0000000088400000| Untracked 
| 109|0x0000000088500000, 0x0000000088500000, 0x0000000088600000|  0%| F|  |TAMS 0x0000000088500000, 0x0000000088500000| Untracked 
| 110|0x0000000088600000, 0x0000000088600000, 0x0000000088700000|  0%| F|  |TAMS 0x0000000088600000, 0x0000000088600000| Untracked 
| 111|0x0000000088700000, 0x0000000088700000, 0x0000000088800000|  0%| F|  |TAMS 0x0000000088700000, 0x0000000088700000| Untracked 
| 112|0x0000000088800000, 0x000000008887e0d0, 0x0000000088900000| 49%| E|  |TAMS 0x0000000088800000, 0x0000000088800000| Complete 
| 113|0x0000000088900000, 0x0000000088a00000, 0x0000000088a00000|100%| E|CS|TAMS 0x0000000088900000, 0x0000000088900000| Complete 
| 114|0x0000000088a00000, 0x0000000088b00000, 0x0000000088b00000|100%| E|CS|TAMS 0x0000000088a00000, 0x0000000088a00000| Complete 
| 115|0x0000000088b00000, 0x0000000088ba6ea0, 0x0000000088c00000| 65%| S|CS|TAMS 0x0000000088b00000, 0x0000000088b00000| Complete 
| 116|0x0000000088c00000, 0x0000000088d00000, 0x0000000088d00000|100%| E|CS|TAMS 0x0000000088c00000, 0x0000000088c00000| Complete 
| 117|0x0000000088d00000, 0x0000000088e00000, 0x0000000088e00000|100%| E|CS|TAMS 0x0000000088d00000, 0x0000000088d00000| Complete 
| 118|0x0000000088e00000, 0x0000000088f00000, 0x0000000088f00000|100%| E|CS|TAMS 0x0000000088e00000, 0x0000000088e00000| Complete 
| 119|0x0000000088f00000, 0x0000000089000000, 0x0000000089000000|100%| E|CS|TAMS 0x0000000088f00000, 0x0000000088f00000| Complete 
| 120|0x0000000089000000, 0x0000000089100000, 0x0000000089100000|100%| E|CS|TAMS 0x0000000089000000, 0x0000000089000000| Complete 
| 121|0x0000000089100000, 0x0000000089200000, 0x0000000089200000|100%| E|CS|TAMS 0x0000000089100000, 0x0000000089100000| Complete 
| 122|0x0000000089200000, 0x0000000089300000, 0x0000000089300000|100%| E|CS|TAMS 0x0000000089200000, 0x0000000089200000| Complete 
| 123|0x0000000089300000, 0x0000000089400000, 0x0000000089400000|100%| E|CS|TAMS 0x0000000089300000, 0x0000000089300000| Complete 
| 124|0x0000000089400000, 0x0000000089500000, 0x0000000089500000|100%| E|CS|TAMS 0x0000000089400000, 0x0000000089400000| Complete 
| 125|0x0000000089500000, 0x0000000089600000, 0x0000000089600000|100%| E|CS|TAMS 0x0000000089500000, 0x0000000089500000| Complete 
| 126|0x0000000089600000, 0x0000000089700000, 0x0000000089700000|100%| E|CS|TAMS 0x0000000089600000, 0x0000000089600000| Complete 
| 127|0x0000000089700000, 0x0000000089800000, 0x0000000089800000|100%| E|CS|TAMS 0x0000000089700000, 0x0000000089700000| Complete 

Card table byte_map: [0x0000009265560000,0x0000009265960000] _byte_map_base: 0x0000009265154000

Marking Bits (Prev, Next): (CMBitMap*) 0x00000092527ccea0, (CMBitMap*) 0x00000092527ccee0
 Prev Bits: [0x0000009265d60000, 0x0000009267d00000)
 Next Bits: [0x0000009267d00000, 0x0000009269ca0000)

Polling page: 0x0000009250550000

Metaspace:

Usage:
  Non-class:     13.23 MB capacity,    13.14 MB (>99%) used,    78.02 KB ( <1%) free+waste,    14.13 KB ( <1%) overhead. 
      Class:      1.39 MB capacity,     1.33 MB ( 96%) used,    56.42 KB (  4%) free+waste,     4.69 KB ( <1%) overhead. 
       Both:     14.63 MB capacity,    14.48 MB ( 99%) used,   134.44 KB ( <1%) free+waste,    18.81 KB ( <1%) overhead. 

Virtual space:
  Non-class space:       14.00 MB reserved,      13.25 MB ( 95%) committed 
      Class space:        1.00 GB reserved,       1.50 MB ( <1%) committed 
             Both:        1.01 GB reserved,      14.75 MB (  1%) committed 

Chunk freelists:
   Non-Class:  19.00 KB
       Class:  12.00 KB
        Both:  31.00 KB

MaxMetaspaceSize: 17179869184.00 GB
CompressedClassSpaceSize: 1.00 GB

CodeHeap 'non-profiled nmethods': size=120000Kb used=443Kb max_used=443Kb free=119557Kb
 bounds [0x000000925dc30000, 0x000000925dea0000, 0x0000009265160000]
CodeHeap 'profiled nmethods': size=120000Kb used=3045Kb max_used=3045Kb free=116954Kb
 bounds [0x0000009256700000, 0x0000009256a00000, 0x000000925dc30000]
CodeHeap 'non-nmethods': size=5760Kb used=1162Kb max_used=1173Kb free=4597Kb
 bounds [0x0000009256160000, 0x00000092563d0000, 0x0000009256700000]
 total_blobs=1925 nmethods=1506 adapters=332
 compilation: enabled
              stopped_count=0, restarted_count=0
 full_count=0

Compilation events (20 events):
Event: 1.249 Thread 0x000000926cf84d50 nmethod 1421 0x00000092569d0410 code [0x00000092569d0620, 0x00000092569d0bc8]
Event: 1.249 Thread 0x000000926cf84d50 1424       3       java.lang.invoke.LambdaForm$Name::useCount (42 bytes)
Event: 1.249 Thread 0x000000926cf84d50 nmethod 1424 0x00000092569d0e90 code [0x00000092569d1040, 0x00000092569d1338]
Event: 1.249 Thread 0x000000926cf84d50 1422       3       java.lang.invoke.LambdaForm$NamedFunction::returnType (11 bytes)
Event: 1.250 Thread 0x000000926cf84d50 nmethod 1422 0x00000092569d1490 code [0x00000092569d1680, 0x00000092569d1ae8]
Event: 1.252 Thread 0x000000926cf84d50 1426       3       java.lang.invoke.MethodHandleNatives::refKindIsMethod (19 bytes)
Event: 1.252 Thread 0x000000926cf84d50 nmethod 1426 0x00000092569d1d10 code [0x00000092569d1ec0, 0x00000092569d20f8]
Event: 1.255 Thread 0x000000926cf84d50 1427       3       java.lang.invoke.BootstrapMethodInvoker::maybeReBox (28 bytes)
Event: 1.255 Thread 0x000000926cf84d50 nmethod 1427 0x00000092569d2190 code [0x00000092569d2360, 0x00000092569d2938]
Event: 1.256 Thread 0x000000926cf84d50 1428       3       java.nio.MappedByteBuffer::<init> (22 bytes)
Event: 1.256 Thread 0x000000926cf84d50 nmethod 1428 0x00000092569d2b10 code [0x00000092569d2cc0, 0x00000092569d2e28]
Event: 1.256 Thread 0x000000926cf84d50 1429       3       java.nio.ByteBuffer::<init> (14 bytes)
Event: 1.256 Thread 0x000000926cf84d50 nmethod 1429 0x00000092569d2f10 code [0x00000092569d30c0, 0x00000092569d3208]
Event: 1.256 Thread 0x000000926cf84d50 1430       3       java.nio.MappedByteBuffer::limit (6 bytes)
Event: 1.256 Thread 0x000000926cf84d50 nmethod 1430 0x00000092569d3310 code [0x00000092569d34c0, 0x00000092569d36c8]
Event: 1.256 Thread 0x000000926cf84d50 1431       3       java.lang.String::codePointAt (50 bytes)
Event: 1.257 Thread 0x000000926cf84d50 nmethod 1431 0x00000092569d3810 code [0x00000092569d39e0, 0x00000092569d3d68]
Event: 1.257 Thread 0x000000926cf84d50 1432       3       java.util.regex.Pattern::peek (26 bytes)
Event: 1.257 Thread 0x000000926cf84d50 nmethod 1432 0x00000092569d3f10 code [0x00000092569d40c0, 0x00000092569d4328]
Event: 1.259 Thread 0x000000926cf84d50 1433       1       java.util.Formatter$Flags::valueOf (5 bytes)

GC Heap History (4 events):
Event: 0.577 GC heap before
{Heap before GC invocations=0 (full 0):
 garbage-first heap   total 131072K, used 12288K [0x0000000081800000, 0x0000000100000000)
  region size 1024K, 13 young (13312K), 0 survivors (0K)
 Metaspace       used 8955K, capacity 9077K, committed 9344K, reserved 1058816K
  class space    used 762K, capacity 783K, committed 896K, reserved 1048576K
}
Event: 0.582 GC heap after
{Heap after GC invocations=1 (full 0):
 garbage-first heap   total 131072K, used 4483K [0x0000000081800000, 0x0000000100000000)
  region size 1024K, 2 young (2048K), 2 survivors (2048K)
 Metaspace       used 8955K, capacity 9077K, committed 9344K, reserved 1058816K
  class space    used 762K, capacity 783K, committed 896K, reserved 1048576K
}
Event: 1.064 GC heap before
{Heap before GC invocations=1 (full 0):
 garbage-first heap   total 131072K, used 16771K [0x0000000081800000, 0x0000000100000000)
  region size 1024K, 14 young (14336K), 2 survivors (2048K)
 Metaspace       used 12374K, capacity 12506K, committed 12800K, reserved 1060864K
  class space    used 1131K, capacity 1181K, committed 1280K, reserved 1048576K
}
Event: 1.069 GC heap after
{Heap after GC invocations=2 (full 0):
 garbage-first heap   total 131072K, used 5278K [0x0000000081800000, 0x0000000100000000)
  region size 1024K, 1 young (1024K), 1 survivors (1024K)
 Metaspace       used 12374K, capacity 12506K, committed 12800K, reserved 1060864K
  class space    used 1131K, capacity 1181K, committed 1280K, reserved 1048576K
}

Deoptimization events (20 events):
Event: 1.136 Thread 0x000000925278c770 Uncommon trap: trap_request=0xffffffc6 fr.pc=0x000000925dc8d86c relative=0x000000000000132c
Event: 1.136 Thread 0x000000925278c770 Uncommon trap: reason=bimorphic_or_optimized_type_check action=maybe_recompile pc=0x000000925dc8d86c method=java.util.HashMap.putVal(ILjava/lang/Object;Ljava/lang/Object;ZZ)Ljava/lang/Object; @ 56 c2
Event: 1.136 Thread 0x000000925278c770 DEOPT PACKING pc=0x000000925dc8d86c sp=0x00000092507cd6e0
Event: 1.136 Thread 0x000000925278c770 DEOPT UNPACKING pc=0x00000092561ae42f sp=0x00000092507cd610 mode 2
Event: 1.142 Thread 0x000000925278c770 Uncommon trap: trap_request=0xffffffc6 fr.pc=0x000000925dc8d86c relative=0x000000000000132c
Event: 1.142 Thread 0x000000925278c770 Uncommon trap: reason=bimorphic_or_optimized_type_check action=maybe_recompile pc=0x000000925dc8d86c method=java.util.HashMap.putVal(ILjava/lang/Object;Ljava/lang/Object;ZZ)Ljava/lang/Object; @ 56 c2
Event: 1.142 Thread 0x000000925278c770 DEOPT PACKING pc=0x000000925dc8d86c sp=0x00000092507cd6e0
Event: 1.142 Thread 0x000000925278c770 DEOPT UNPACKING pc=0x00000092561ae42f sp=0x00000092507cd610 mode 2
Event: 1.144 Thread 0x000000925278c770 Uncommon trap: trap_request=0xffffffc6 fr.pc=0x000000925dc8d86c relative=0x000000000000132c
Event: 1.144 Thread 0x000000925278c770 Uncommon trap: reason=bimorphic_or_optimized_type_check action=maybe_recompile pc=0x000000925dc8d86c method=java.util.HashMap.putVal(ILjava/lang/Object;Ljava/lang/Object;ZZ)Ljava/lang/Object; @ 56 c2
Event: 1.144 Thread 0x000000925278c770 DEOPT PACKING pc=0x000000925dc8d86c sp=0x00000092507cd6e0
Event: 1.144 Thread 0x000000925278c770 DEOPT UNPACKING pc=0x00000092561ae42f sp=0x00000092507cd610 mode 2
Event: 1.145 Thread 0x000000925278c770 Uncommon trap: trap_request=0xffffff45 fr.pc=0x000000925dc81d30 relative=0x0000000000000f30
Event: 1.145 Thread 0x000000925278c770 Uncommon trap: reason=unstable_if action=reinterpret pc=0x000000925dc81d30 method=org.jacoco.agent.rt.internal_f3994fa.asm.ByteVector.putUTF8(Ljava/lang/String;)Lorg/jacoco/agent/rt/internal_f3994fa/asm/ByteVector; @ 36 c2
Event: 1.145 Thread 0x000000925278c770 DEOPT PACKING pc=0x000000925dc81d30 sp=0x00000092507ca940
Event: 1.145 Thread 0x000000925278c770 DEOPT UNPACKING pc=0x00000092561ae42f sp=0x00000092507ca888 mode 2
Event: 1.180 Thread 0x000000925278c770 Uncommon trap: trap_request=0xffffff45 fr.pc=0x000000925dc76220 relative=0x00000000000010e0
Event: 1.180 Thread 0x000000925278c770 Uncommon trap: reason=unstable_if action=reinterpret pc=0x000000925dc76220 method=java.io.WinNTFileSystem.normalize(Ljava/lang/String;)Ljava/lang/String; @ 40 c2
Event: 1.180 Thread 0x000000925278c770 DEOPT PACKING pc=0x000000925dc76220 sp=0x00000092507ce120
Event: 1.180 Thread 0x000000925278c770 DEOPT UNPACKING pc=0x00000092561ae42f sp=0x00000092507ce108 mode 2

Classes unloaded (0 events):
No events

Classes redefined (0 events):
No events

Internal exceptions (13 events):
Event: 0.455 Thread 0x000000925278c770 Exception <a 'java/lang/NoSuchMethodError'{0x0000000088c13750}: 'void java.lang.invoke.DirectMethodHandle$Holder.invokeStatic(java.lang.Object, java.lang.Object)'> (0x0000000088c13750) 
thrown [./open/src/hotspot/share/interpreter/linkResolver.cpp, line 782]
Event: 0.456 Thread 0x000000925278c770 Exception <a 'java/lang/NoSuchMethodError'{0x0000000088c173f8}: 'void java.lang.invoke.DirectMethodHandle$Holder.invokeStaticInit(java.lang.Object, java.lang.Object)'> (0x0000000088c173f8) 
thrown [./open/src/hotspot/share/interpreter/linkResolver.cpp, line 782]
Event: 0.633 Thread 0x000000925278c770 Exception <a 'java/lang/NoSuchMethodError'{0x000000008978a2f0}: 'java.lang.Object java.lang.invoke.DirectMethodHandle$Holder.invokeStatic(java.lang.Object)'> (0x000000008978a2f0) 
thrown [./open/src/hotspot/share/interpreter/linkResolver.cpp, line 782]
Event: 0.633 Thread 0x000000925278c770 Exception <a 'java/lang/NoSuchMethodError'{0x000000008978dc08}: 'java.lang.Object java.lang.invoke.DirectMethodHandle$Holder.invokeStaticInit(java.lang.Object)'> (0x000000008978dc08) 
thrown [./open/src/hotspot/share/interpreter/linkResolver.cpp, line 782]
Event: 0.666 Thread 0x000000925278c770 Exception <a 'java/lang/NoSuchMethodError'{0x00000000897e2150}: 'void java.lang.invoke.DirectMethodHandle$Holder.invokeStatic(java.lang.Object, java.lang.Object, java.lang.Object)'> (0x00000000897e2150) 
thrown [./open/src/hotspot/share/interpreter/linkResolver.cpp, line 782]
Event: 0.667 Thread 0x000000925278c770 Exception <a 'java/lang/NoSuchMethodError'{0x0000000089601cf8}: 'void java.lang.invoke.DirectMethodHandle$Holder.invokeStatic(java.lang.Object, java.lang.Object, java.lang.Object, java.lang.Object)'> (0x0000000089601cf8) 
thrown [./open/src/hotspot/share/interpreter/linkResolver.cpp, line 782]
Event: 0.972 Thread 0x000000925278c770 Exception <a 'java/lang/NoSuchMethodError'{0x0000000088e1b230}: 'void java.lang.invoke.DirectMethodHandle$Holder.invokeSpecial(java.lang.Object, java.lang.Object, java.lang.Object)'> (0x0000000088e1b230) 
thrown [./open/src/hotspot/share/interpreter/linkResolver.cpp, line 782]
Event: 0.995 Thread 0x000000925278c770 Exception <a 'java/lang/NoSuchMethodError'{0x0000000088eeca70}: 'java.lang.Object java.lang.invoke.DirectMethodHandle$Holder.invokeInterface(java.lang.Object, java.lang.Object)'> (0x0000000088eeca70) 
thrown [./open/src/hotspot/share/interpreter/linkResolver.cpp, line 782]
Event: 0.996 Thread 0x000000925278c770 Exception <a 'java/lang/IncompatibleClassChangeError'{0x0000000088ef0468}: Found class java.lang.Object, but interface was expected> (0x0000000088ef0468) 
thrown [./open/src/hotspot/share/interpreter/linkResolver.cpp, line 848]
Event: 1.021 Thread 0x000000925278c770 Exception <a 'java/lang/NoSuchMethodError'{0x0000000088dbac00}: 'java.lang.Object java.lang.invoke.DirectMethodHandle$Holder.newInvokeSpecial(java.lang.Object, java.lang.Object, java.lang.Object, java.lang.Object, java.lang.Object)'> (0x0000000088dbac00) 
thrown [./open/src/hotspot/share/interpreter/linkResolver.cpp, line 782]
Event: 1.059 Thread 0x000000925278c770 Exception <a 'java/lang/NoSuchMethodError'{0x0000000088ce63e0}: 'java.lang.Object java.lang.invoke.DirectMethodHandle$Holder.invokeSpecialIFC(java.lang.Object, java.lang.Object, java.lang.Object, java.lang.Object)'> (0x0000000088ce63e0) 
thrown [./open/src/hotspot/share/interpreter/linkResolver.cpp, line 782]
Event: 1.110 Thread 0x000000925278c770 Exception <a 'java/lang/NoSuchMethodError'{0x000000008965aad8}: 'int java.lang.invoke.DirectMethodHandle$Holder.invokeInterface(java.lang.Object, java.lang.Object)'> (0x000000008965aad8) 
thrown [./open/src/hotspot/share/interpreter/linkResolver.cpp, line 782]
Event: 1.253 Thread 0x000000925278c770 Exception <a 'java/lang/ClassNotFoundException'{0x00000000890f6370}: sun/util/logging/resources/spi/loggingProvider> (0x00000000890f6370) 
thrown [./open/src/hotspot/share/classfile/systemDictionary.cpp, line 295]

Events (20 events):
Event: 1.256 loading class java/util/Formatter done
Event: 1.256 loading class java/util/regex/Pattern$Ques
Event: 1.256 loading class java/util/regex/Pattern$Ques done
Event: 1.257 loading class java/util/Locale$Category
Event: 1.257 loading class java/util/Locale$Category done
Event: 1.257 loading class java/util/Locale$1
Event: 1.257 loading class java/util/Locale$1 done
Event: 1.257 loading class java/util/Formatter$FormatSpecifier
Event: 1.258 loading class java/util/Formatter$FormatString
Event: 1.258 loading class java/util/Formatter$FormatString done
Event: 1.258 loading class java/util/Formatter$FormatSpecifier done
Event: 1.258 loading class java/util/Formatter$Flags
Event: 1.258 loading class java/util/Formatter$Flags done
Event: 1.258 loading class java/util/Formatter$DateTime
Event: 1.258 loading class java/util/Formatter$DateTime done
Event: 1.259 loading class java/util/Formatter$FixedString
Event: 1.259 loading class java/util/Formatter$FixedString done
Event: 1.259 loading class java/util/Formatter$Conversion
Event: 1.259 loading class java/util/Formatter$Conversion done
Event: 1.259 loading class java/util/Calendar


Dynamic libraries:
0x00007ff73d510000 - 0x00007ff73d51d000 	C:\Users\Maxblox_user2\.p2\pool\plugins\org.eclipse.justj.openjdk.hotspot.jre.full.win32.x86_64_15.0.1.v20201027-0507\jre\bin\javaw.exe
0x00007ffa86fe0000 - 0x00007ffa8718d000 	C:\Windows\SYSTEM32\ntdll.dll
0x00007ffa85130000 - 0x00007ffa8526f000 	C:\Windows\system32\KERNEL32.DLL
0x00007ffa84510000 - 0x00007ffa84625000 	C:\Windows\system32\KERNELBASE.dll
0x00007ffa66b90000 - 0x00007ffa66ba8000 	C:\Users\Maxblox_user2\.p2\pool\plugins\org.eclipse.justj.openjdk.hotspot.jre.full.win32.x86_64_15.0.1.v20201027-0507\jre\bin\jli.dll
0x00007ffa66b70000 - 0x00007ffa66b89000 	C:\Users\Maxblox_user2\.p2\pool\plugins\org.eclipse.justj.openjdk.hotspot.jre.full.win32.x86_64_15.0.1.v20201027-0507\jre\bin\VCRUNTIME140.dll
0x00007ffa66fc0000 - 0x00007ffa66fc4000 	C:\Users\Maxblox_user2\.p2\pool\plugins\org.eclipse.justj.openjdk.hotspot.jre.full.win32.x86_64_15.0.1.v20201027-0507\jre\bin\api-ms-win-crt-stdio-l1-1-0.dll
0x00007ffa66f10000 - 0x00007ffa66f14000 	C:\Users\Maxblox_user2\.p2\pool\plugins\org.eclipse.justj.openjdk.hotspot.jre.full.win32.x86_64_15.0.1.v20201027-0507\jre\bin\api-ms-win-crt-runtime-l1-1-0.dll
0x00007ffa66b60000 - 0x00007ffa66b63000 	C:\Users\Maxblox_user2\.p2\pool\plugins\org.eclipse.justj.openjdk.hotspot.jre.full.win32.x86_64_15.0.1.v20201027-0507\jre\bin\api-ms-win-crt-environment-l1-1-0.dll
0x00007ffa66a60000 - 0x00007ffa66a65000 	C:\Users\Maxblox_user2\.p2\pool\plugins\org.eclipse.justj.openjdk.hotspot.jre.full.win32.x86_64_15.0.1.v20201027-0507\jre\bin\api-ms-win-crt-math-l1-1-0.dll
0x00007ffa66a10000 - 0x00007ffa66a13000 	C:\Users\Maxblox_user2\.p2\pool\plugins\org.eclipse.justj.openjdk.hotspot.jre.full.win32.x86_64_15.0.1.v20201027-0507\jre\bin\api-ms-win-crt-locale-l1-1-0.dll
0x00007ffa66a00000 - 0x00007ffa66a03000 	C:\Users\Maxblox_user2\.p2\pool\plugins\org.eclipse.justj.openjdk.hotspot.jre.full.win32.x86_64_15.0.1.v20201027-0507\jre\bin\api-ms-win-crt-heap-l1-1-0.dll
0x00007ffa820d0000 - 0x00007ffa8234b000 	C:\Windows\WinSxS\amd64_microsoft.windows.common-controls_6595b64144ccf1df_6.0.9600.19394_none_62486577ecb635cf\COMCTL32.dll
0x00007ffa86e60000 - 0x00007ffa86fd7000 	C:\Windows\system32\USER32.dll
0x00007ffa66740000 - 0x00007ffa66743000 	C:\Users\Maxblox_user2\.p2\pool\plugins\org.eclipse.justj.openjdk.hotspot.jre.full.win32.x86_64_15.0.1.v20201027-0507\jre\bin\api-ms-win-crt-filesystem-l1-1-0.dll
0x00007ffa66730000 - 0x00007ffa66734000 	C:\Users\Maxblox_user2\.p2\pool\plugins\org.eclipse.justj.openjdk.hotspot.jre.full.win32.x86_64_15.0.1.v20201027-0507\jre\bin\api-ms-win-crt-string-l1-1-0.dll
0x00007ffa64400000 - 0x00007ffa64404000 	C:\Users\Maxblox_user2\.p2\pool\plugins\org.eclipse.justj.openjdk.hotspot.jre.full.win32.x86_64_15.0.1.v20201027-0507\jre\bin\api-ms-win-crt-convert-l1-1-0.dll
0x00007ffa84660000 - 0x00007ffa8470a000 	C:\Windows\system32\msvcrt.dll
0x00007ffa84e50000 - 0x00007ffa84f9d000 	C:\Windows\system32\GDI32.dll
0x00007ffa50a60000 - 0x00007ffa50b5a000 	C:\Users\Maxblox_user2\.p2\pool\plugins\org.eclipse.justj.openjdk.hotspot.jre.full.win32.x86_64_15.0.1.v20201027-0507\jre\bin\ucrtbase.DLL
0x00007ffa86c20000 - 0x00007ffa86c56000 	C:\Windows\system32\IMM32.DLL
0x00007ffa85340000 - 0x00007ffa85491000 	C:\Windows\system32\MSCTF.dll
0x00007ffa7ebe0000 - 0x00007ffa7ebec000 	C:\Users\Maxblox_user2\.p2\pool\plugins\org.eclipse.justj.openjdk.hotspot.jre.full.win32.x86_64_15.0.1.v20201027-0507\jre\bin\vcruntime140_1.dll
0x00007ffa57400000 - 0x00007ffa57491000 	C:\Users\Maxblox_user2\.p2\pool\plugins\org.eclipse.justj.openjdk.hotspot.jre.full.win32.x86_64_15.0.1.v20201027-0507\jre\bin\msvcp140.dll
0x00007ffa63ac0000 - 0x00007ffa63ac3000 	C:\Users\Maxblox_user2\.p2\pool\plugins\org.eclipse.justj.openjdk.hotspot.jre.full.win32.x86_64_15.0.1.v20201027-0507\jre\bin\api-ms-win-crt-time-l1-1-0.dll
0x00007ffa63ab0000 - 0x00007ffa63ab3000 	C:\Users\Maxblox_user2\.p2\pool\plugins\org.eclipse.justj.openjdk.hotspot.jre.full.win32.x86_64_15.0.1.v20201027-0507\jre\bin\api-ms-win-crt-utility-l1-1-0.dll
0x00007ffa5e900000 - 0x00007ffa5f45e000 	C:\Users\Maxblox_user2\.p2\pool\plugins\org.eclipse.justj.openjdk.hotspot.jre.full.win32.x86_64_15.0.1.v20201027-0507\jre\bin\server\jvm.dll
0x00007ffa86c70000 - 0x00007ffa86d1a000 	C:\Windows\system32\ADVAPI32.dll
0x00007ffa7d790000 - 0x00007ffa7d799000 	C:\Windows\SYSTEM32\WSOCK32.dll
0x00007ffa7ae10000 - 0x00007ffa7ae32000 	C:\Windows\SYSTEM32\WINMM.dll
0x00007ffa7e1a0000 - 0x00007ffa7e1aa000 	C:\Windows\SYSTEM32\VERSION.dll
0x00007ffa86c10000 - 0x00007ffa86c17000 	C:\Windows\system32\PSAPI.DLL
0x00007ffa84df0000 - 0x00007ffa84e48000 	C:\Windows\SYSTEM32\sechost.dll
0x00007ffa86d20000 - 0x00007ffa86e60000 	C:\Windows\system32\RPCRT4.dll
0x00007ffa85010000 - 0x00007ffa8506a000 	C:\Windows\system32\WS2_32.dll
0x00007ffa798d0000 - 0x00007ffa798fa000 	C:\Windows\SYSTEM32\WINMMBASE.dll
0x00007ffa84630000 - 0x00007ffa8465e000 	C:\Windows\system32\SspiCli.dll
0x00007ffa84fa0000 - 0x00007ffa84fa9000 	C:\Windows\system32\NSI.dll
0x00007ffa841d0000 - 0x00007ffa8421f000 	C:\Windows\SYSTEM32\cfgmgr32.dll
0x00007ffa82fb0000 - 0x00007ffa82fd8000 	C:\Windows\SYSTEM32\DEVOBJ.dll
0x00007ffa679a0000 - 0x00007ffa679aa000 	C:\Users\Maxblox_user2\.p2\pool\plugins\org.eclipse.justj.openjdk.hotspot.jre.full.win32.x86_64_15.0.1.v20201027-0507\jre\bin\jimage.dll
0x00007ffa7ae90000 - 0x00007ffa7b01a000 	C:\Windows\SYSTEM32\DBGHELP.DLL
0x00007ffa60520000 - 0x00007ffa6052e000 	C:\Users\Maxblox_user2\.p2\pool\plugins\org.eclipse.justj.openjdk.hotspot.jre.full.win32.x86_64_15.0.1.v20201027-0507\jre\bin\instrument.dll
0x00007ffa66ff0000 - 0x00007ffa67015000 	C:\Users\Maxblox_user2\.p2\pool\plugins\org.eclipse.justj.openjdk.hotspot.jre.full.win32.x86_64_15.0.1.v20201027-0507\jre\bin\java.dll
0x00007ffa670d0000 - 0x00007ffa670e8000 	C:\Users\Maxblox_user2\.p2\pool\plugins\org.eclipse.justj.openjdk.hotspot.jre.full.win32.x86_64_15.0.1.v20201027-0507\jre\bin\zip.dll
0x00007ffa854a0000 - 0x00007ffa869ce000 	C:\Windows\system32\SHELL32.dll
0x00007ffa84950000 - 0x00007ffa84b61000 	C:\Windows\SYSTEM32\combase.dll
0x00007ffa84fb0000 - 0x00007ffa85004000 	C:\Windows\system32\SHLWAPI.dll
0x00007ffa82990000 - 0x00007ffa82a42000 	C:\Windows\SYSTEM32\SHCORE.dll
0x00007ffa84100000 - 0x00007ffa84115000 	C:\Windows\SYSTEM32\profapi.dll
0x00007ffa66fd0000 - 0x00007ffa66fe9000 	C:\Users\Maxblox_user2\.p2\pool\plugins\org.eclipse.justj.openjdk.hotspot.jre.full.win32.x86_64_15.0.1.v20201027-0507\jre\bin\net.dll
0x00007ffa7f1a0000 - 0x00007ffa7f269000 	C:\Windows\SYSTEM32\WINHTTP.dll
0x00007ffa83940000 - 0x00007ffa83999000 	C:\Windows\system32\mswsock.dll
0x00007ffa66f50000 - 0x00007ffa66f62000 	C:\Users\Maxblox_user2\.p2\pool\plugins\org.eclipse.justj.openjdk.hotspot.jre.full.win32.x86_64_15.0.1.v20201027-0507\jre\bin\nio.dll
0x00007ffa670a0000 - 0x00007ffa670b0000 	C:\Users\Maxblox_user2\.p2\pool\plugins\org.eclipse.justj.openjdk.hotspot.jre.full.win32.x86_64_15.0.1.v20201027-0507\jre\bin\verify.dll
0x00007ffa7e7f0000 - 0x00007ffa7e805000 	C:\Windows\system32\napinsp.dll
0x00007ffa814e0000 - 0x00007ffa814fb000 	C:\Windows\system32\NLAapi.dll
0x00007ffa83740000 - 0x00007ffa837e4000 	C:\Windows\SYSTEM32\DNSAPI.dll
0x00007ffa7e7e0000 - 0x00007ffa7e7ed000 	C:\Windows\System32\winrnr.dll
0x00007ffa64880000 - 0x00007ffa6488a000 	C:\Windows\System32\rasadhlp.dll
0x00007ffa80530000 - 0x00007ffa8055a000 	C:\Windows\SYSTEM32\IPHLPAPI.DLL
0x00007ffa80520000 - 0x00007ffa8052a000 	C:\Windows\SYSTEM32\WINNSI.DLL
0x00007ffa804b0000 - 0x00007ffa8051b000 	C:\Windows\System32\fwpuclnt.dll
0x00007ffa80410000 - 0x00007ffa80426000 	C:\Windows\SYSTEM32\dhcpcsvc6.DLL
0x00007ffa803d0000 - 0x00007ffa803ea000 	C:\Windows\SYSTEM32\dhcpcsvc.DLL

dbghelp: loaded successfully - version: 4.0.5 - missing functions: none
symbol engine: initialized successfully - sym options: 0x614 - pdb path: .;C:\Users\Maxblox_user2\.p2\pool\plugins\org.eclipse.justj.openjdk.hotspot.jre.full.win32.x86_64_15.0.1.v20201027-0507\jre\bin;C:\Windows\SYSTEM32;C:\Windows\WinSxS\amd64_microsoft.windows.common-controls_6595b64144ccf1df_6.0.9600.19394_none_62486577ecb635cf;C:\Users\Maxblox_user2\.p2\pool\plugins\org.eclipse.justj.openjdk.hotspot.jre.full.win32.x86_64_15.0.1.v20201027-0507\jre\bin\server

VM Arguments:
jvm_args: -javaagent:C:\Users\Maxblox_user2\eclipse\committers-2020-12\eclipse\configuration\org.eclipse.osgi\491\0\.cp\jacocoagent.jar=includes=*,excludes=,exclclassloader=sun.reflect.DelegatingClassLoader,output=tcpclient,port=49359 -ea -Dfile.encoding=Cp1252 -XX:+ShowCodeDetailsInExceptionMessages 
java_command: org.eclipse.jdt.internal.junit.runner.RemoteTestRunner -version 3 -port 49360 -testLoaderClass org.eclipse.jdt.internal.junit4.runner.JUnit4TestLoader -loaderpluginname org.eclipse.jdt.junit4.runtime -classNames cucumberOptions.TestRunner
java_class_path (initial): E:\Automation\Eclipse\amazon\target\test-classes;E:\Automation\Eclipse\amazon\target\classes;C:\Users\Maxblox_user2\.m2\repository\junit\junit\4.12\junit-4.12.jar;C:\Users\Maxblox_user2\.m2\repository\org\hamcrest\hamcrest-core\1.3\hamcrest-core-1.3.jar;C:\Users\Maxblox_user2\.m2\repository\io\cucumber\cucumber-java\5.7.0\cucumber-java-5.7.0.jar;C:\Users\Maxblox_user2\.m2\repository\io\cucumber\cucumber-core\5.7.0\cucumber-core-5.7.0.jar;C:\Users\Maxblox_user2\.m2\repository\io\cucumber\cucumber-gherkin\5.7.0\cucumber-gherkin-5.7.0.jar;C:\Users\Maxblox_user2\.m2\repository\io\cucumber\cucumber-gherkin-vintage\5.7.0\cucumber-gherkin-vintage-5.7.0.jar;C:\Users\Maxblox_user2\.m2\repository\io\cucumber\tag-expressions\2.0.4\tag-expressions-2.0.4.jar;C:\Users\Maxblox_user2\.m2\repository\io\cucumber\cucumber-expressions\8.3.1\cucumber-expressions-8.3.1.jar;C:\Users\Maxblox_user2\.m2\repository\io\cucumber\datatable\3.3.1\datatable-3.3.1.jar;C:\Users\Maxblox_user2\.m2\repository\io\cucumber\cucumber-plugin\5.7.0\cucumber-plugin-5.7.0.jar;C:\Users\Maxblox_user2\.m2\repository\io\cucumber\docstring\5.7.0\docstring-5.7.0.jar;C:\Users\Maxblox_user2\.m2\repository\org\apiguardian\apiguardian-api\1.1.0\apiguardian-api-1.1.0.jar;C:\Users\Maxblox_user2\.m2\repository\org\apache\maven\maven-plugin-api\3.6.3\maven-plugin-api-3.6.3.jar;C:\Users\Maxblox_user2\.m2\repository\org\apache\maven\maven-model\3.6.3\maven-model-3.6.3.jar;C:\Users\Maxblox_user2\.m2\repository\org\apache\maven\maven-artifact\3.6.3\maven-artifact-3.6.3.jar;C:\Users\Maxblox_user2\.m2\repository\org\apache\commons\commons-lang3\3.8.1\commons-lang3-3.8.1.jar;C:\Users\Maxblox_user2\.m2\repository\org\eclipse\sisu\org.eclipse.sisu.plexus\0.3.4\org.eclipse.sisu.plexus-0.3.4.jar;C:\Users\Maxblox_user2\.m2\repository\javax\enterprise\cdi-api\1.0\cdi-api-1.0.jar;C:\Users\Maxblox_user2\.m2\repository\javax\annotation\jsr250-api\1.0\jsr250-api-1.0.jar;C:\Users\Maxblox_user2\.m2\repository\java
Launcher Type: SUN_STANDARD

[Global flags]
     intx CICompilerCount                          = 3                                         {product} {ergonomic}
     uint ConcGCThreads                            = 1                                         {product} {ergonomic}
     uint G1ConcRefinementThreads                  = 4                                         {product} {ergonomic}
   size_t G1HeapRegionSize                         = 1048576                                   {product} {ergonomic}
    uintx GCDrainStackTargetSize                   = 64                                        {product} {ergonomic}
   size_t InitialHeapSize                          = 134217728                                 {product} {ergonomic}
   size_t MarkStackSize                            = 4194304                                   {product} {ergonomic}
   size_t MaxHeapSize                              = 2122317824                                {product} {ergonomic}
   size_t MaxNewSize                               = 1272971264                                {product} {ergonomic}
   size_t MinHeapDeltaBytes                        = 1048576                                   {product} {ergonomic}
   size_t MinHeapSize                              = 8388608                                   {product} {ergonomic}
    uintx NonNMethodCodeHeapSize                   = 5832780                                {pd product} {ergonomic}
    uintx NonProfiledCodeHeapSize                  = 122912730                              {pd product} {ergonomic}
    uintx ProfiledCodeHeapSize                     = 122912730                              {pd product} {ergonomic}
    uintx ReservedCodeCacheSize                    = 251658240                              {pd product} {ergonomic}
     bool SegmentedCodeCache                       = true                                      {product} {ergonomic}
     bool ShowCodeDetailsInExceptionMessages       = true                                   {manageable} {command line}
   size_t SoftMaxHeapSize                          = 2122317824                             {manageable} {ergonomic}
     bool UseCompressedClassPointers               = true                                 {lp64_product} {ergonomic}
     bool UseCompressedOops                        = true                                 {lp64_product} {ergonomic}
     bool UseG1GC                                  = true                                      {product} {ergonomic}
     bool UseLargePagesIndividualAllocation        = false                                  {pd product} {ergonomic}

Logging:
Log output configuration:
 #0: stdout all=warning uptime,level,tags
 #1: stderr all=off uptime,level,tags

Environment Variables:
PATH=C:/Users/Maxblox_user2/.p2/pool/plugins/org.eclipse.justj.openjdk.hotspot.jre.full.win32.x86_64_15.0.1.v20201027-0507/jre/bin/server;C:/Users/Maxblox_user2/.p2/pool/plugins/org.eclipse.justj.openjdk.hotspot.jre.full.win32.x86_64_15.0.1.v20201027-0507/jre/bin;C:\Program Files\MongoDB\Server\4.2\bin;C:\Program Files\Microsoft SQL Server\Client SDK\ODBC\130\Tools\Binn\;C:\Program Files (x86)\Microsoft SQL Server\140\Tools\Binn\;C:\Program Files\Microsoft SQL Server\140\Tools\Binn\;C:\Program Files\Microsoft SQL Server\140\DTS\Binn\;C:\Program Files (x86)\Microsoft SQL Server\140\DTS\Binn\;C:\Users\Maxblox_user2\eclipse\committers-2020-12\eclipse;
USERNAME=Maxblox_user2
OS=Windows_NT
PROCESSOR_IDENTIFIER=Intel64 Family 6 Model 58 Stepping 9, GenuineIntel



---------------  S Y S T E M  ---------------

OS:
 Windows Server 2012 R2 , 64 bit Build 9600 (6.3.9600.19843)
OS uptime: 12 days 22:30 hours

CPU: total 4 (initial active 4) (2 cores per cpu, 2 threads per core) family 6 model 58 stepping 9 microcode 0x1b, cmov, cx8, fxsr, mmx, sse, sse2, sse3, ssse3, sse4.1, sse4.2, popcnt, vzeroupper, avx, clmul, erms, ht, tsc, tscinvbit, tscinv, clflush

Memory: 4k page, system-wide physical 8090M (1414M free)
TotalPageFile size 8090M (AvailPageFile size 12M)
current process WorkingSet (physical memory assigned to process): 96M, peak: 96M
current process commit charge ("private bytes"): 235M, peak: 235M

vm_info: OpenJDK 64-Bit Server VM (15.0.1+9-18) for windows-amd64 JRE (15.0.1+9-18), built on Sep 15 2020 14:39:31 by "mach5one" with unknown MS VC++:1925

END.
